0 info it worked if it ends with ok
1 verbose cli [ 'd:\\nodejs\\node.exe',
1 verbose cli   'd:\\nodejs\\node_modules\\npm\\bin\\npm-cli.js',
1 verbose cli   'search',
1 verbose cli   'angular' ]
2 info using npm@2.14.7
3 info using node@v4.2.2
4 silly mapToRegistry name -/all
5 silly mapToRegistry using default registry
6 silly mapToRegistry registry http://registry.npmjs.org/
7 silly mapToRegistry uri http://registry.npmjs.org/-/all
8 info updateIndex D:\Users\zhancheng.li\AppData\Roaming\npm-cache\registry.npmjs.org\-\all\.cache.json
9 verbose updateIndex Cached search data present with timestamp 1446004805741
10 silly update-index fetching http://registry.npmjs.org/-/all/since?stale=update_after&startkey=1446004805741
11 verbose request uri http://registry.npmjs.org/-/all/since?stale=update_after&startkey=1446004805741
12 verbose request no auth needed
13 info attempt registry request try #1 at 17:29:01
14 verbose request id 08abc6267e1551da
15 http request GET http://registry.npmjs.org/-/all/since?stale=update_after&startkey=1446004805741
16 info retry will retry, error on last attempt: Error: read ECONNRESET
17 info attempt registry request try #2 at 17:29:49
18 http request GET http://registry.npmjs.org/-/all/since?stale=update_after&startkey=1446004805741
19 info retry will retry, error on last attempt: Error: socket hang up
20 info attempt registry request try #3 at 17:31:54
21 http request GET http://registry.npmjs.org/-/all/since?stale=update_after&startkey=1446004805741
22 verbose stack Error: connect ETIMEDOUT 23.235.43.162:443
22 verbose stack     at Object.exports._errnoException (util.js:874:11)
22 verbose stack     at exports._exceptionWithHostPort (util.js:897:20)
22 verbose stack     at TCPConnectWrap.afterConnect [as oncomplete] (net.js:1063:14)
23 verbose cwd e:\Working\blog\lizhancheng.github.io
24 error Windows_NT 6.1.7601
25 error argv "d:\\nodejs\\node.exe" "d:\\nodejs\\node_modules\\npm\\bin\\npm-cli.js" "search" "angular"
26 error node v4.2.2
27 error npm  v2.14.7
28 error code ETIMEDOUT
29 error errno ETIMEDOUT
30 error syscall connect
31 error network connect ETIMEDOUT 23.235.43.162:443
31 error network This is most likely not a problem with npm itself
31 error network and is related to network connectivity.
31 error network In most cases you are behind a proxy or have bad network settings.
31 error network
31 error network If you are behind a proxy, please make sure that the
31 error network 'proxy' config is set properly.  See: 'npm help config'
32 verbose exit [ 1, true ]
